<?xml version="1.0" encoding="UTF-8"?>
<!-- Generated by org.testng.reporters.JUnitReportReporter -->
<testsuite skipped="0" hostname="DT-SGH541RJSG" name="com.css.CSSSelectorProject.testBase.Base" tests="1" failures="0" timestamp="25 Jan 2019 15:32:19 GMT" time="21.849" errors="0">
  <testcase name="getURL" time="21.849" classname="com.css.CSSSelectorProject.testBase.Base"/>
</testsuite> <!-- com.css.CSSSelectorProject.testBase.Base -->
