<?xml version="1.0" encoding="UTF-8"?>
<!-- Generated by org.testng.reporters.JUnitReportReporter -->
<testsuite skipped="0" hostname="DT-SGH541RJSG" name="com.css.CSSSelectorProject.TC001_RegistrationTest" tests="1" failures="0" timestamp="30 Jan 2019 10:01:58 GMT" time="29.357" errors="0">
  <testcase name="registrationTest" time="29.357" classname="com.css.CSSSelectorProject.TC001_RegistrationTest"/>
</testsuite> <!-- com.css.CSSSelectorProject.TC001_RegistrationTest -->
