<?xml version="1.0" encoding="UTF-8"?>
<!-- Generated by org.testng.reporters.JUnitReportReporter -->
<testsuite skipped="0" hostname="DT-SGH541RJSG" name="com.css.CSSSelectorProject.TC002_LoginToApplicationTest" tests="1" failures="0" timestamp="30 Jan 2019 10:04:46 GMT" time="25.167" errors="0">
  <testcase name="LoginToApplication" time="25.167" classname="com.css.CSSSelectorProject.TC002_LoginToApplicationTest"/>
</testsuite> <!-- com.css.CSSSelectorProject.TC002_LoginToApplicationTest -->
