<?xml version="1.0" encoding="UTF-8"?>
<!-- Generated by org.testng.reporters.JUnitReportReporter -->
<testsuite skipped="0" hostname="DT-SGH541RJSG" name="com.utest.tests.TC002_LoginToApplicationTest" tests="1" failures="0" timestamp="30 Jan 2019 12:46:47 GMT" time="39.850" errors="0">
  <testcase name="LoginToApplication" time="39.850" classname="com.utest.tests.TC002_LoginToApplicationTest"/>
</testsuite> <!-- com.utest.tests.TC002_LoginToApplicationTest -->
