<?xml version="1.0" encoding="UTF-8"?>
<!-- Generated by org.testng.reporters.JUnitReportReporter -->
<testsuite skipped="0" hostname="DT-SGH541RJSG" name="com.utest.tests.TC001_RegistrationTest" tests="1" failures="0" timestamp="30 Jan 2019 12:46:47 GMT" time="36.923" errors="0">
  <testcase name="registrationTest" time="36.923" classname="com.utest.tests.TC001_RegistrationTest"/>
</testsuite> <!-- com.utest.tests.TC001_RegistrationTest -->
